<?xml version="1.0" encoding="UTF-8"?>
<!-- Generated by org.testng.reporters.JUnitReportReporter -->
<testsuite hostname="NEWNODE64" failures="0" tests="1" name="qaclickacademy.SeleniumTest" time="0.001" errors="0" timestamp="2022-07-26T13:51:03 IST" skipped="0">
  <testcase classname="qaclickacademy.SeleniumTest" name="Retro" time="0.001"/>
  <system-out/>
</testsuite> <!-- qaclickacademy.SeleniumTest -->
