<?xml version="1.0" encoding="UTF-8"?>
<!-- Generated by org.testng.reporters.JUnitReportReporter -->
<testsuite hostname="NEWNODE64" failures="0" tests="1" name="qaclickacademy.RestAssuredTest" time="0.007" errors="0" timestamp="2022-07-26T13:51:03 IST" skipped="0">
  <testcase classname="qaclickacademy.RestAssuredTest" name="Retro1" time="0.007"/>
  <system-out/>
</testsuite> <!-- qaclickacademy.RestAssuredTest -->
