<?xml version="1.0" encoding="UTF-8"?>
<!-- Generated by org.testng.reporters.JUnitReportReporter -->
<testsuite hostname="NEWNODE64" failures="0" tests="2" name="qaclickacademy.AppiumTest" time="0.002" errors="0" timestamp="2022-07-26T13:51:03 IST" skipped="0">
  <testcase classname="qaclickacademy.AppiumTest" name="booster1" time="0.001"/>
  <system-out/>
  <testcase classname="qaclickacademy.AppiumTest" name="booster" time="0.001"/>
  <system-out/>
</testsuite> <!-- qaclickacademy.AppiumTest -->
